0 info it worked if it ends with ok
1 verbose cli [ 'node', '/usr/local/bin/npm', 'install', '-g', 'safaridriver' ]
2 info using npm@2.14.7
3 info using node@v0.12.7
4 verbose node symlink /usr/local/bin/node
5 verbose install initial load of /usr/local/lib/package.json
6 verbose readDependencies loading dependencies from /usr/local/lib/package.json
7 silly cache add args [ 'safaridriver', null ]
8 verbose cache add spec safaridriver
9 silly cache add parsed spec { raw: 'safaridriver',
9 silly cache add   scope: null,
9 silly cache add   name: 'safaridriver',
9 silly cache add   rawSpec: '',
9 silly cache add   spec: '*',
9 silly cache add   type: 'range' }
10 silly addNamed safaridriver@*
11 verbose addNamed "*" is a valid semver range for safaridriver
12 silly addNameRange { name: 'safaridriver', range: '*', hasData: false }
13 silly mapToRegistry name safaridriver
14 silly mapToRegistry using default registry
15 silly mapToRegistry registry https://registry.npmjs.org/
16 silly mapToRegistry uri https://registry.npmjs.org/safaridriver
17 verbose addNameRange registry:https://registry.npmjs.org/safaridriver not in flight; fetching
18 verbose request uri https://registry.npmjs.org/safaridriver
19 verbose request no auth needed
20 info attempt registry request try #1 at 17:44:16
21 verbose request id 5a4b966d997fc8bd
22 http request GET https://registry.npmjs.org/safaridriver
23 http 404 https://registry.npmjs.org/safaridriver
24 verbose headers { 'content-type': 'application/json',
24 verbose headers   'cache-control': 'max-age=0',
24 verbose headers   'content-length': '2',
24 verbose headers   'accept-ranges': 'bytes',
24 verbose headers   date: 'Tue, 29 Dec 2015 01:44:16 GMT',
24 verbose headers   via: '1.1 varnish',
24 verbose headers   age: '0',
24 verbose headers   connection: 'keep-alive',
24 verbose headers   'x-served-by': 'cache-lax1434-LAX',
24 verbose headers   'x-cache': 'MISS',
24 verbose headers   'x-cache-hits': '0',
24 verbose headers   'x-timer': 'S1451353456.481253,VS0,VE340' }
25 silly get cb [ 404,
25 silly get   { 'content-type': 'application/json',
25 silly get     'cache-control': 'max-age=0',
25 silly get     'content-length': '2',
25 silly get     'accept-ranges': 'bytes',
25 silly get     date: 'Tue, 29 Dec 2015 01:44:16 GMT',
25 silly get     via: '1.1 varnish',
25 silly get     age: '0',
25 silly get     connection: 'keep-alive',
25 silly get     'x-served-by': 'cache-lax1434-LAX',
25 silly get     'x-cache': 'MISS',
25 silly get     'x-cache-hits': '0',
25 silly get     'x-timer': 'S1451353456.481253,VS0,VE340' } ]
26 verbose stack Error: Registry returned 404 for GET on https://registry.npmjs.org/safaridriver
26 verbose stack     at makeError (/usr/local/lib/node_modules/npm/node_modules/npm-registry-client/lib/request.js:264:12)
26 verbose stack     at CachingRegistryClient.<anonymous> (/usr/local/lib/node_modules/npm/node_modules/npm-registry-client/lib/request.js:242:14)
26 verbose stack     at Request._callback (/usr/local/lib/node_modules/npm/node_modules/npm-registry-client/lib/request.js:172:14)
26 verbose stack     at Request.self.callback (/usr/local/lib/node_modules/npm/node_modules/request/request.js:198:22)
26 verbose stack     at Request.emit (events.js:110:17)
26 verbose stack     at Request.<anonymous> (/usr/local/lib/node_modules/npm/node_modules/request/request.js:1063:14)
26 verbose stack     at Request.emit (events.js:129:20)
26 verbose stack     at IncomingMessage.<anonymous> (/usr/local/lib/node_modules/npm/node_modules/request/request.js:1009:12)
26 verbose stack     at IncomingMessage.emit (events.js:129:20)
26 verbose stack     at _stream_readable.js:908:16
27 verbose statusCode 404
28 verbose pkgid safaridriver
29 verbose cwd /Users/Jason-work/Git/tests/main
30 error Darwin 15.2.0
31 error argv "node" "/usr/local/bin/npm" "install" "-g" "safaridriver"
32 error node v0.12.7
33 error npm  v2.14.7
34 error code E404
35 error 404 Registry returned 404 for GET on https://registry.npmjs.org/safaridriver
35 error 404
35 error 404 'safaridriver' is not in the npm registry.
35 error 404 You should bug the author to publish it (or use the name yourself!)
35 error 404
35 error 404 Note that you can also install from a
35 error 404 tarball, folder, http url, or git url.
36 verbose exit [ 1, true ]
